# JRE version: OpenJDK Runtime Environment (17.0.6) (build 17.0.6+0-b2043.56-9586694)
# Java VM: OpenJDK 64-Bit Server VM (17.0.6+0-b2043.56-9586694, mixed mode, tiered, compressed oops, compressed class ptrs, g1 gc, windows-amd64)
GC Precious Log:
 CPUs: 16 total, 16 available
 Memory: 15724M
 Large Page Support: Disabled
 NUMA Support: Disabled
 Compressed Oops: Enabled (32-bit)
 Heap Region Size: 1M
 Heap Min Capacity: 8M
 Heap Initial Capacity: 246M
 Heap Max Capacity: 1536M
 Pre-touch: Disabled
 Parallel Workers: 13
 Concurrent Workers: 3
 Concurrent Refinement Workers: 13
 Periodic GC: Disabled
Heap:
 garbage-first heap   total 251904K, used 103946K [0x00000000a0000000, 0x0000000100000000)
  region size 1024K, 4 young (4096K), 4 survivors (4096K)
 Metaspace       used 87568K, committed 88448K, reserved 1130496K
  class space    used 11904K, committed 12288K, reserved 1048576K
GC Heap History (20 events):
Event: 8.341 GC heap after
{Heap after GC invocations=40 (full 0):
 garbage-first heap   total 128000K, used 70597K [0x00000000a0000000, 0x0000000100000000)
  region size 1024K, 2 young (2048K), 2 survivors (2048K)
 Metaspace       used 71844K, committed 72512K, reserved 1114112K
  class space    used 9431K, committed 9728K, reserved 1048576K
}
Event: 8.523 GC heap before
{Heap before GC invocations=41 (full 0):
 garbage-first heap   total 128000K, used 103365K [0x00000000a0000000, 0x0000000100000000)
  region size 1024K, 34 young (34816K), 2 survivors (2048K)
 Metaspace       used 72230K, committed 72896K, reserved 1114112K
  class space    used 9488K, committed 9792K, reserved 1048576K
}
Event: 8.526 GC heap after
{Heap after GC invocations=42 (full 0):
 garbage-first heap   total 153600K, used 73124K [0x00000000a0000000, 0x0000000100000000)
  region size 1024K, 4 young (4096K), 4 survivors (4096K)
 Metaspace       used 72230K, committed 72896K, reserved 1114112K
  class space    used 9488K, committed 9792K, reserved 1048576K
}
Event: 8.551 GC heap before
{Heap before GC invocations=42 (full 0):
 garbage-first heap   total 153600K, used 76196K [0x00000000a0000000, 0x0000000100000000)
  region size 1024K, 7 young (7168K), 4 survivors (4096K)
 Metaspace       used 72258K, committed 72896K, reserved 1114112K
  class space    used 9493K, committed 9792K, reserved 1048576K
}
Event: 8.554 GC heap after
{Heap after GC invocations=43 (full 0):
 garbage-first heap   total 153600K, used 73691K [0x00000000a0000000, 0x0000000100000000)
  region size 1024K, 1 young (1024K), 1 survivors (1024K)
 Metaspace       used 72258K, committed 72896K, reserved 1114112K
  class space    used 9493K, committed 9792K, reserved 1048576K
}
Event: 9.096 GC heap before
{Heap before GC invocations=43 (full 0):
 garbage-first heap   total 153600K, used 121819K [0x00000000a0000000, 0x0000000100000000)
  region size 1024K, 48 young (49152K), 1 survivors (1024K)
 Metaspace       used 77333K, committed 78080K, reserved 1122304K
  class space    used 10399K, committed 10752K, reserved 1048576K
}
Event: 9.099 GC heap after
{Heap after GC invocations=44 (full 0):
 garbage-first heap   total 153600K, used 76104K [0x00000000a0000000, 0x0000000100000000)
  region size 1024K, 4 young (4096K), 4 survivors (4096K)
 Metaspace       used 77333K, committed 78080K, reserved 1122304K
  class space    used 10399K, committed 10752K, reserved 1048576K
}
Event: 9.540 GC heap before
{Heap before GC invocations=45 (full 0):
 garbage-first heap   total 153600K, used 123208K [0x00000000a0000000, 0x0000000100000000)
  region size 1024K, 50 young (51200K), 4 survivors (4096K)
 Metaspace       used 82634K, committed 83328K, reserved 1122304K
  class space    used 11144K, committed 11456K, reserved 1048576K
}
Event: 9.542 GC heap after
{Heap after GC invocations=46 (full 0):
 garbage-first heap   total 153600K, used 77970K [0x00000000a0000000, 0x0000000100000000)
  region size 1024K, 5 young (5120K), 5 survivors (5120K)
 Metaspace       used 82634K, committed 83328K, reserved 1122304K
  class space    used 11144K, committed 11456K, reserved 1048576K
}
Event: 9.557 GC heap before
{Heap before GC invocations=46 (full 0):
 garbage-first heap   total 153600K, used 80018K [0x00000000a0000000, 0x0000000100000000)
  region size 1024K, 7 young (7168K), 5 survivors (5120K)
 Metaspace       used 82791K, committed 83456K, reserved 1122304K
  class space    used 11163K, committed 11456K, reserved 1048576K
}
Event: 9.561 GC heap after
{Heap after GC invocations=47 (full 0):
 garbage-first heap   total 153600K, used 78234K [0x00000000a0000000, 0x0000000100000000)
  region size 1024K, 1 young (1024K), 1 survivors (1024K)
 Metaspace       used 82791K, committed 83456K, reserved 1122304K
  class space    used 11163K, committed 11456K, reserved 1048576K
}
Event: 9.956 GC heap before
{Heap before GC invocations=47 (full 0):
 garbage-first heap   total 153600K, used 126362K [0x00000000a0000000, 0x0000000100000000)
  region size 1024K, 48 young (49152K), 1 survivors (1024K)
 Metaspace       used 84549K, committed 85248K, reserved 1122304K
  class space    used 11460K, committed 11776K, reserved 1048576K
}
Event: 9.959 GC heap after
{Heap after GC invocations=48 (full 0):
 garbage-first heap   total 153600K, used 83288K [0x00000000a0000000, 0x0000000100000000)
  region size 1024K, 6 young (6144K), 6 survivors (6144K)
 Metaspace       used 84549K, committed 85248K, reserved 1122304K
  class space    used 11460K, committed 11776K, reserved 1048576K
}
Event: 10.330 GC heap before
{Heap before GC invocations=49 (full 0):
 garbage-first heap   total 153600K, used 112984K [0x00000000a0000000, 0x0000000100000000)
  region size 1024K, 36 young (36864K), 6 survivors (6144K)
 Metaspace       used 85890K, committed 86656K, reserved 1130496K
  class space    used 11630K, committed 11968K, reserved 1048576K
}
Event: 10.334 GC heap after
{Heap after GC invocations=50 (full 0):
 garbage-first heap   total 153600K, used 86698K [0x00000000a0000000, 0x0000000100000000)
  region size 1024K, 4 young (4096K), 4 survivors (4096K)
 Metaspace       used 85890K, committed 86656K, reserved 1130496K
  class space    used 11630K, committed 11968K, reserved 1048576K
}
Event: 10.805 GC heap before
{Heap before GC invocations=51 (full 0):
 garbage-first heap   total 153600K, used 127658K [0x00000000a0000000, 0x0000000100000000)
  region size 1024K, 42 young (43008K), 4 survivors (4096K)
 Metaspace       used 87175K, committed 88000K, reserved 1130496K
  class space    used 11853K, committed 12224K, reserved 1048576K
}
Event: 10.810 GC heap after
{Heap after GC invocations=52 (full 0):
 garbage-first heap   total 153600K, used 98155K [0x00000000a0000000, 0x0000000100000000)
  region size 1024K, 6 young (6144K), 6 survivors (6144K)
 Metaspace       used 87175K, committed 88000K, reserved 1130496K
  class space    used 11853K, committed 12224K, reserved 1048576K
}
Event: 10.815 GC heap before
{Heap before GC invocations=52 (full 0):
 garbage-first heap   total 153600K, used 99179K [0x00000000a0000000, 0x0000000100000000)
  region size 1024K, 7 young (7168K), 6 survivors (6144K)
 Metaspace       used 87178K, committed 88000K, reserved 1130496K
  class space    used 11853K, committed 12224K, reserved 1048576K
}
Event: 10.818 GC heap after
{Heap after GC invocations=53 (full 0):
 garbage-first heap   total 153600K, used 99036K [0x00000000a0000000, 0x0000000100000000)
  region size 1024K, 1 young (1024K), 1 survivors (1024K)
 Metaspace       used 87178K, committed 88000K, reserved 1130496K
  class space    used 11853K, committed 12224K, reserved 1048576K
}
Event: 11.106 GC heap before
{Heap before GC invocations=53 (full 0):
 garbage-first heap   total 153600K, used 127708K [0x00000000a0000000, 0x0000000100000000)
  region size 1024K, 29 young (29696K), 1 survivors (1024K)
 Metaspace       used 87568K, committed 88448K, reserved 1130496K
  class space    used 11904K, committed 12288K, reserved 1048576K
}

