# JRE version: OpenJDK Runtime Environment (17.0.6) (build 17.0.6+0-b2043.56-9586694)
# Java VM: OpenJDK 64-Bit Server VM (17.0.6+0-b2043.56-9586694, mixed mode, tiered, compressed oops, compressed class ptrs, g1 gc, windows-amd64)
GC Precious Log:
 CPUs: 16 total, 16 available
 Memory: 15724M
 Large Page Support: Disabled
 NUMA Support: Disabled
 Compressed Oops: Enabled (32-bit)
 Heap Region Size: 1M
 Heap Min Capacity: 8M
 Heap Initial Capacity: 246M
 Heap Max Capacity: 1536M
 Pre-touch: Disabled
 Parallel Workers: 13
 Concurrent Workers: 3
 Concurrent Refinement Workers: 13
 Periodic GC: Disabled
Heap:
 garbage-first heap   total 227328K, used 160855K [0x00000000a0000000, 0x0000000100000000)
  region size 1024K, 23 young (23552K), 2 survivors (2048K)
 Metaspace       used 90323K, committed 91328K, reserved 1130496K
  class space    used 12304K, committed 12736K, reserved 1048576K
GC Heap History (20 events):
Event: 7.185 GC heap before
{Heap before GC invocations=25 (full 0):
 garbage-first heap   total 124928K, used 100650K [0x00000000a0000000, 0x0000000100000000)
  region size 1024K, 35 young (35840K), 4 survivors (4096K)
 Metaspace       used 70863K, committed 71488K, reserved 1114112K
  class space    used 9235K, committed 9536K, reserved 1048576K
}
Event: 7.188 GC heap after
{Heap after GC invocations=26 (full 0):
 garbage-first heap   total 124928K, used 70407K [0x00000000a0000000, 0x0000000100000000)
  region size 1024K, 5 young (5120K), 5 survivors (5120K)
 Metaspace       used 70863K, committed 71488K, reserved 1114112K
  class space    used 9235K, committed 9536K, reserved 1048576K
}
Event: 7.196 GC heap before
{Heap before GC invocations=26 (full 0):
 garbage-first heap   total 124928K, used 71431K [0x00000000a0000000, 0x0000000100000000)
  region size 1024K, 6 young (6144K), 5 survivors (5120K)
 Metaspace       used 70877K, committed 71488K, reserved 1114112K
  class space    used 9239K, committed 9536K, reserved 1048576K
}
Event: 7.199 GC heap after
{Heap after GC invocations=27 (full 0):
 garbage-first heap   total 124928K, used 70386K [0x00000000a0000000, 0x0000000100000000)
  region size 1024K, 1 young (1024K), 1 survivors (1024K)
 Metaspace       used 70877K, committed 71488K, reserved 1114112K
  class space    used 9239K, committed 9536K, reserved 1048576K
}
Event: 7.440 GC heap before
{Heap before GC invocations=27 (full 0):
 garbage-first heap   total 124928K, used 100082K [0x00000000a0000000, 0x0000000100000000)
  region size 1024K, 30 young (30720K), 1 survivors (1024K)
 Metaspace       used 71867K, committed 72512K, reserved 1114112K
  class space    used 9442K, committed 9728K, reserved 1048576K
}
Event: 7.442 GC heap after
{Heap after GC invocations=28 (full 0):
 garbage-first heap   total 218112K, used 70565K [0x00000000a0000000, 0x0000000100000000)
  region size 1024K, 1 young (1024K), 1 survivors (1024K)
 Metaspace       used 71867K, committed 72512K, reserved 1114112K
  class space    used 9442K, committed 9728K, reserved 1048576K
}
Event: 8.218 GC heap before
{Heap before GC invocations=29 (full 0):
 garbage-first heap   total 218112K, used 160677K [0x00000000a0000000, 0x0000000100000000)
  region size 1024K, 89 young (91136K), 1 survivors (1024K)
 Metaspace       used 77634K, committed 78336K, reserved 1122304K
  class space    used 10445K, committed 10752K, reserved 1048576K
}
Event: 8.222 GC heap after
{Heap after GC invocations=30 (full 0):
 garbage-first heap   total 218112K, used 76614K [0x00000000a0000000, 0x0000000100000000)
  region size 1024K, 7 young (7168K), 7 survivors (7168K)
 Metaspace       used 77634K, committed 78336K, reserved 1122304K
  class space    used 10445K, committed 10752K, reserved 1048576K
}
Event: 8.863 GC heap before
{Heap before GC invocations=30 (full 0):
 garbage-first heap   total 218112K, used 166726K [0x00000000a0000000, 0x0000000100000000)
  region size 1024K, 95 young (97280K), 7 survivors (7168K)
 Metaspace       used 84399K, committed 85120K, reserved 1122304K
  class space    used 11456K, committed 11776K, reserved 1048576K
}
Event: 8.868 GC heap after
{Heap after GC invocations=31 (full 0):
 garbage-first heap   total 218112K, used 83889K [0x00000000a0000000, 0x0000000100000000)
  region size 1024K, 8 young (8192K), 8 survivors (8192K)
 Metaspace       used 84399K, committed 85120K, reserved 1122304K
  class space    used 11456K, committed 11776K, reserved 1048576K
}
Event: 9.625 GC heap before
{Heap before GC invocations=31 (full 0):
 garbage-first heap   total 218112K, used 170929K [0x00000000a0000000, 0x0000000100000000)
  region size 1024K, 91 young (93184K), 8 survivors (8192K)
 Metaspace       used 87407K, committed 88256K, reserved 1130496K
  class space    used 11896K, committed 12288K, reserved 1048576K
}
Event: 9.635 GC heap after
{Heap after GC invocations=32 (full 0):
 garbage-first heap   total 218112K, used 100406K [0x00000000a0000000, 0x0000000100000000)
  region size 1024K, 12 young (12288K), 12 survivors (12288K)
 Metaspace       used 87407K, committed 88256K, reserved 1130496K
  class space    used 11896K, committed 12288K, reserved 1048576K
}
Event: 10.376 GC heap before
{Heap before GC invocations=32 (full 0):
 garbage-first heap   total 218112K, used 171062K [0x00000000a0000000, 0x0000000100000000)
  region size 1024K, 78 young (79872K), 12 survivors (12288K)
 Metaspace       used 88123K, committed 89088K, reserved 1130496K
  class space    used 11989K, committed 12416K, reserved 1048576K
}
Event: 10.385 GC heap after
{Heap after GC invocations=33 (full 0):
 garbage-first heap   total 218112K, used 120356K [0x00000000a0000000, 0x0000000100000000)
  region size 1024K, 10 young (10240K), 10 survivors (10240K)
 Metaspace       used 88123K, committed 89088K, reserved 1130496K
  class space    used 11989K, committed 12416K, reserved 1048576K
}
Event: 10.853 GC heap before
{Heap before GC invocations=33 (full 0):
 garbage-first heap   total 218112K, used 169508K [0x00000000a0000000, 0x0000000100000000)
  region size 1024K, 58 young (59392K), 10 survivors (10240K)
 Metaspace       used 88712K, committed 89728K, reserved 1130496K
  class space    used 12066K, committed 12480K, reserved 1048576K
}
Event: 10.860 GC heap after
{Heap after GC invocations=34 (full 0):
 garbage-first heap   total 218112K, used 130831K [0x00000000a0000000, 0x0000000100000000)
  region size 1024K, 8 young (8192K), 8 survivors (8192K)
 Metaspace       used 88712K, committed 89728K, reserved 1130496K
  class space    used 12066K, committed 12480K, reserved 1048576K
}
Event: 11.303 GC heap before
{Heap before GC invocations=35 (full 0):
 garbage-first heap   total 227328K, used 172815K [0x00000000a0000000, 0x0000000100000000)
  region size 1024K, 49 young (50176K), 8 survivors (8192K)
 Metaspace       used 89421K, committed 90432K, reserved 1130496K
  class space    used 12176K, committed 12608K, reserved 1048576K
}
Event: 11.312 GC heap after
{Heap after GC invocations=36 (full 0):
 garbage-first heap   total 227328K, used 140378K [0x00000000a0000000, 0x0000000100000000)
  region size 1024K, 7 young (7168K), 7 survivors (7168K)
 Metaspace       used 89421K, committed 90432K, reserved 1130496K
  class space    used 12176K, committed 12608K, reserved 1048576K
}
Event: 11.331 GC heap before
{Heap before GC invocations=36 (full 0):
 garbage-first heap   total 227328K, used 143450K [0x00000000a0000000, 0x0000000100000000)
  region size 1024K, 11 young (11264K), 7 survivors (7168K)
 Metaspace       used 89429K, committed 90432K, reserved 1130496K
  class space    used 12178K, committed 12608K, reserved 1048576K
}
Event: 11.335 GC heap after
{Heap after GC invocations=37 (full 0):
 garbage-first heap   total 227328K, used 141399K [0x00000000a0000000, 0x0000000100000000)
  region size 1024K, 2 young (2048K), 2 survivors (2048K)
 Metaspace       used 89429K, committed 90432K, reserved 1130496K
  class space    used 12178K, committed 12608K, reserved 1048576K
}

